<?xml version="1.0" encoding="UTF-8"?>
<testng-results skipped="0" failed="0" total="1" passed="1">
  <reporter-output>
  </reporter-output>
  <suite name="Default suite" duration-ms="4177" started-at="2016-06-08T11:27:40Z" finished-at="2016-06-08T11:27:44Z">
    <groups>
    </groups>
    <test name="Default test" duration-ms="4177" started-at="2016-06-08T11:27:40Z" finished-at="2016-06-08T11:27:44Z">
      <class name="ecommunicate.ibeacon.dao.test.dbtester">
        <test-method status="PASS" signature="intialize()[pri:0, instance:ecommunicate.ibeacon.dao.test.dbtester@79b4d0f]" name="intialize" is-config="true" duration-ms="4164" started-at="2016-06-08T16:57:40Z" finished-at="2016-06-08T16:57:44Z">
          <reporter-output>
          </reporter-output>
        </test-method> <!-- intialize -->
        <test-method status="PASS" signature="f()[pri:0, instance:ecommunicate.ibeacon.dao.test.dbtester@79b4d0f]" name="f" duration-ms="3" started-at="2016-06-08T16:57:44Z" finished-at="2016-06-08T16:57:44Z">
          <reporter-output>
          </reporter-output>
        </test-method> <!-- f -->
      </class> <!-- ecommunicate.ibeacon.dao.test.dbtester -->
    </test> <!-- Default test -->
  </suite> <!-- Default suite -->
</testng-results>
